0 info it worked if it ends with ok
1 verbose cli [ '/Users/timizqi/git/nvm/versions/node/v4.5.0/bin/node',
1 verbose cli   '/Users/timizqi/git/nvm/versions/node/v4.5.0/bin/npm',
1 verbose cli   'publish',
1 verbose cli   '--loglevel',
1 verbose cli   'verbose',
1 verbose cli   '.',
1 verbose cli   '--tag',
1 verbose cli   '0.1.0' ]
2 info using npm@3.10.9
3 info using node@v4.5.0
4 verbose publish [ '.' ]
5 verbose stack Error: Tag name must not be a valid SemVer range: 0.1.0
5 verbose stack     at EventEmitter.publish (/Users/timizqi/git/nvm/versions/node/v4.5.0/lib/node_modules/npm/lib/publish.js:41:14)
5 verbose stack     at Object.commandCache.(anonymous function) (/Users/timizqi/git/nvm/versions/node/v4.5.0/lib/node_modules/npm/lib/npm.js:124:13)
5 verbose stack     at EventEmitter.<anonymous> (/Users/timizqi/git/nvm/versions/node/v4.5.0/lib/node_modules/npm/bin/npm-cli.js:73:30)
5 verbose stack     at nextTickCallbackWith0Args (node.js:420:9)
5 verbose stack     at process._tickCallback (node.js:349:13)
6 verbose cwd /Users/timizqi/repos/less2html
7 error Darwin 15.6.0
8 error argv "/Users/timizqi/git/nvm/versions/node/v4.5.0/bin/node" "/Users/timizqi/git/nvm/versions/node/v4.5.0/bin/npm" "publish" "--loglevel" "verbose" "." "--tag" "0.1.0"
9 error node v4.5.0
10 error npm  v3.10.9
11 error Tag name must not be a valid SemVer range: 0.1.0
12 error If you need help, you may report this error at:
12 error     <https://github.com/npm/npm/issues>
13 verbose exit [ 1, true ]
